2026-03-12 11:03:13.885 | INFO     | __main__:<module>:1 - ingestion_log_probe
2026-03-12 11:23:05.754 | INFO     | src.ingestion.ingest:ingest_document:37 - Step 1/3: Parsing and structure-aware chunking from C:\Users\Samson.so\AppData\Local\Temp\tmpf15udksa.pdf
2026-03-12 11:28:47.542 | INFO     | src.ingestion.ingest:ingest_document:37 - Step 1/3: Parsing and structure-aware chunking from C:\Users\Samson.so\AppData\Local\Temp\tmpp908w0he.pdf
2026-03-12 11:35:45.351 | INFO     | src.ingestion.pdf_processor:parse_pdf_with_structure:406 - Docling structure chunking used for 'Bolted End Plate Connection' with 113 chunks
2026-03-12 11:35:45.367 | INFO     | src.ingestion.ingest:ingest_document:47 - Step 2/3: Chunking complete
2026-03-12 11:35:45.367 | INFO     | src.ingestion.ingest:ingest_document:48 - Step 3/3: Embedding and storing in vector database
2026-03-12 11:35:45.368 | INFO     | src.vectordb.qdrant_store:__init__:38 - Reusing local file-based Qdrant client
2026-03-12 11:35:45.368 | INFO     | src.vectordb.qdrant_store:_ensure_collection:68 - Collection already exists: geotech_knowledge
2026-03-12 11:35:45.369 | INFO     | src.utils.embeddings:get_model:11 - Loading embedding model: BAAI/bge-large-en-v1.5
2026-03-12 11:35:50.271 | INFO     | src.utils.embeddings:get_model:13 - Embedding model loaded successfully
2026-03-12 11:37:33.209 | INFO     | src.vectordb.qdrant_store:add_document:81 - Added 113 chunks from 'Bolted End Plate Connection'
2026-03-12 11:37:33.212 | INFO     | src.ingestion.ingest:ingest_document:51 - Successfully ingested 'Bolted End Plate Connection': 113 chunks
2026-03-12 11:48:24.936 | INFO     | src.ingestion.ingest:ingest_document:37 - Step 1/3: Parsing and structure-aware chunking from C:\Users\Samson.so\AppData\Local\Temp\tmptdxtqbdb.pdf
2026-03-12 11:50:20.089 | INFO     | src.ingestion.ingest:ingest_document:37 - Step 1/3: Parsing and structure-aware chunking from C:\Users\Samson.so\AppData\Local\Temp\tmpe17uit8z.pdf
2026-03-12 14:09:38.982 | INFO     | src.ingestion.ingest:ingest_document:37 - Step 1/3: Parsing and structure-aware chunking from C:\Users\Samson.so\AppData\Local\Temp\tmpd1cgy04k.pdf
2026-03-12 14:11:52.506 | INFO     | src.ingestion.pdf_processor:parse_pdf_with_structure:420 - Docling structure chunking used for 'FoundationCode2017' with 61 chunks
2026-03-12 14:11:52.508 | INFO     | src.ingestion.ingest:ingest_document:47 - Step 2/3: Chunking complete
2026-03-12 14:11:52.509 | INFO     | src.ingestion.ingest:ingest_document:48 - Step 3/3: Embedding and storing in vector database
2026-03-12 14:11:52.509 | INFO     | src.vectordb.qdrant_store:__init__:38 - Reusing local file-based Qdrant client
2026-03-12 14:11:52.509 | INFO     | src.vectordb.qdrant_store:_ensure_collection:68 - Collection already exists: geotech_knowledge
2026-03-12 14:11:52.510 | INFO     | src.utils.embeddings:get_model:11 - Loading embedding model: BAAI/bge-large-en-v1.5
2026-03-12 14:11:56.460 | INFO     | src.utils.embeddings:get_model:13 - Embedding model loaded successfully
2026-03-12 14:13:32.576 | INFO     | src.vectordb.qdrant_store:add_document:81 - Added 61 chunks from 'FoundationCode2017'
2026-03-12 14:13:32.580 | INFO     | src.ingestion.ingest:ingest_document:51 - Successfully ingested 'FoundationCode2017': 61 chunks
2026-03-12 14:14:10.354 | INFO     | src.vectordb.qdrant_store:__init__:38 - Reusing local file-based Qdrant client
2026-03-12 14:14:10.356 | INFO     | src.vectordb.qdrant_store:_ensure_collection:68 - Collection already exists: geotech_knowledge
2026-03-12 14:14:10.358 | INFO     | src.vectordb.qdrant_store:__init__:38 - Reusing local file-based Qdrant client
2026-03-12 14:14:10.359 | INFO     | src.vectordb.qdrant_store:_ensure_collection:68 - Collection already exists: geotech_knowledge
